<?xml version="1.0" encoding="UTF-8"?>
<testng-results skipped="0" failed="0" ignored="0" total="1" passed="1">
  <reporter-output>
  </reporter-output>
  <suite name="Default suite" duration-ms="14652" started-at="2019-12-08T16:17:05Z" finished-at="2019-12-08T16:17:19Z">
    <groups>
    </groups>
    <test name="Default test" duration-ms="14652" started-at="2019-12-08T16:17:05Z" finished-at="2019-12-08T16:17:19Z">
      <class name="ups.pack.testRunner.UpsLoginTest">
        <test-method status="PASS" signature="beforeMethod()[pri:0, instance:ups.pack.testRunner.UpsLoginTest@659499f1]" name="beforeMethod" is-config="true" duration-ms="11621" started-at="2019-12-08T16:17:05Z" finished-at="2019-12-08T16:17:16Z">
          <reporter-output>
          </reporter-output>
        </test-method> <!-- beforeMethod -->
        <test-method status="PASS" signature="loginTest()[pri:0, instance:ups.pack.testRunner.UpsLoginTest@659499f1]" name="loginTest" duration-ms="2858" started-at="2019-12-08T16:17:16Z" finished-at="2019-12-08T16:17:19Z">
          <reporter-output>
          </reporter-output>
        </test-method> <!-- loginTest -->
        <test-method status="PASS" signature="afterTest()[pri:0, instance:ups.pack.testRunner.UpsLoginTest@659499f1]" name="afterTest" is-config="true" duration-ms="137" started-at="2019-12-08T16:17:19Z" finished-at="2019-12-08T16:17:19Z">
          <reporter-output>
          </reporter-output>
        </test-method> <!-- afterTest -->
      </class> <!-- ups.pack.testRunner.UpsLoginTest -->
    </test> <!-- Default test -->
  </suite> <!-- Default suite -->
</testng-results>
